2023-06-14 03:00:50,841 INFO org.springframework.boot.StartupInfoLogger [restartedMain] Starting LoanApplication using Java 19.0.2 with PID 26448 (D:\Workspaces\Learning\challenges\test\mini-aspire\loan\target\classes started by ajitshukla in D:\Workspaces\Learning\challenges\test\mini-aspire)
2023-06-14 03:00:50,909 INFO org.springframework.boot.SpringApplication [restartedMain] No active profile set, falling back to 1 default profile: "default"
2023-06-14 03:00:50,974 INFO org.springframework.boot.logging.DeferredLog [restartedMain] Devtools property defaults active! Set 'spring.devtools.add-properties' to 'false' to disable
2023-06-14 03:00:50,975 INFO org.springframework.boot.logging.DeferredLog [restartedMain] For additional web related logging consider setting the 'logging.level.web' property to 'DEBUG'
2023-06-14 03:00:51,788 INFO org.hibernate.validator.internal.util.Version [background-preinit] HV000001: Hibernate Validator 8.0.0.Final
2023-06-14 03:00:53,410 INFO org.springframework.data.repository.config.RepositoryConfigurationDelegate [restartedMain] Bootstrapping Spring Data JPA repositories in DEFAULT mode.
2023-06-14 03:00:53,594 INFO org.springframework.data.repository.config.RepositoryConfigurationDelegate [restartedMain] Finished Spring Data repository scanning in 175 ms. Found 2 JPA repository interfaces.
2023-06-14 03:00:54,020 INFO org.springframework.cloud.context.scope.GenericScope [restartedMain] BeanFactory id=55819f19-6a69-378f-a8b8-3e23eacad49e
2023-06-14 03:00:55,277 INFO org.springframework.boot.web.embedded.tomcat.TomcatWebServer [restartedMain] Tomcat initialized with port(s): 8081 (http)
2023-06-14 03:00:55,286 INFO org.apache.juli.logging.DirectJDKLog [restartedMain] Initializing ProtocolHandler ["http-nio-8081"]
2023-06-14 03:00:55,288 INFO org.apache.juli.logging.DirectJDKLog [restartedMain] Starting service [Tomcat]
2023-06-14 03:00:55,288 INFO org.apache.juli.logging.DirectJDKLog [restartedMain] Starting Servlet engine: [Apache Tomcat/10.1.8]
2023-06-14 03:00:56,436 INFO org.apache.juli.logging.DirectJDKLog [restartedMain] Initializing Spring embedded WebApplicationContext
2023-06-14 03:00:56,438 INFO org.springframework.boot.web.servlet.context.ServletWebServerApplicationContext [restartedMain] Root WebApplicationContext: initialization completed in 5457 ms
2023-06-14 03:00:56,554 INFO com.zaxxer.hikari.HikariDataSource [restartedMain] HikariPool-1 - Starting...
2023-06-14 03:00:56,744 INFO com.zaxxer.hikari.pool.HikariPool [restartedMain] HikariPool-1 - Added connection conn0: url=jdbc:h2:mem:loan user=SA
2023-06-14 03:00:56,746 INFO com.zaxxer.hikari.HikariDataSource [restartedMain] HikariPool-1 - Start completed.
2023-06-14 03:00:56,759 INFO org.springframework.boot.autoconfigure.h2.H2ConsoleAutoConfiguration [restartedMain] H2 console available at '/h2-console'. Database available at 'jdbc:h2:mem:loan'
2023-06-14 03:00:57,032 INFO org.hibernate.jpa.internal.util.LogHelper [restartedMain] HHH000204: Processing PersistenceUnitInfo [name: default]
2023-06-14 03:00:57,090 INFO org.hibernate.Version [restartedMain] HHH000412: Hibernate ORM core version 6.1.7.Final
2023-06-14 03:00:57,384 INFO org.hibernate.engine.jdbc.dialect.internal.DialectFactoryImpl [restartedMain] HHH000400: Using dialect: org.hibernate.dialect.H2Dialect
2023-06-14 03:00:58,364 INFO org.hibernate.engine.transaction.jta.platform.internal.JtaPlatformInitiator [restartedMain] HHH000490: Using JtaPlatform implementation: [org.hibernate.engine.transaction.jta.platform.internal.NoJtaPlatform]
2023-06-14 03:00:58,372 INFO org.springframework.orm.jpa.AbstractEntityManagerFactoryBean [restartedMain] Initialized JPA EntityManagerFactory for persistence unit 'default'
2023-06-14 03:00:58,903 WARN org.springframework.boot.autoconfigure.orm.jpa.JpaBaseConfiguration$JpaWebConfiguration [restartedMain] spring.jpa.open-in-view is enabled by default. Therefore, database queries may be performed during view rendering. Explicitly configure spring.jpa.open-in-view to disable this warning
2023-06-14 03:01:01,110 WARN org.springframework.boot.devtools.autoconfigure.OptionalLiveReloadServer [restartedMain] Unable to start LiveReload server
2023-06-14 03:01:01,368 INFO org.springframework.cloud.netflix.eureka.config.DiscoveryClientOptionalArgsConfiguration [restartedMain] Eureka HTTP Client uses RestTemplate.
2023-06-14 03:01:01,419 WARN org.springframework.cloud.loadbalancer.config.LoadBalancerCacheAutoConfiguration$LoadBalancerCaffeineWarnLogger [restartedMain] Spring Cloud LoadBalancer is currently working with the default cache. While this cache implementation is useful for development and tests, it's recommended to use Caffeine cache in production.You can switch to using Caffeine cache, by adding it and org.springframework.cache.caffeine.CaffeineCacheManager to the classpath.
2023-06-14 03:01:01,431 INFO org.springframework.boot.actuate.endpoint.web.EndpointLinksResolver [restartedMain] Exposing 1 endpoint(s) beneath base path '/actuator'
2023-06-14 03:01:01,549 INFO org.springframework.cloud.netflix.eureka.InstanceInfoFactory [restartedMain] Setting initial instance status as: STARTING
2023-06-14 03:01:01,641 INFO com.netflix.discovery.DiscoveryClient [restartedMain] Initializing Eureka in region default
2023-06-14 03:01:01,648 INFO com.netflix.discovery.shared.resolver.aws.ConfigClusterResolver [restartedMain] Resolving eureka endpoints via configuration
2023-06-14 03:01:01,671 INFO com.netflix.discovery.DiscoveryClient [restartedMain] Disable delta property : false
2023-06-14 03:01:01,672 INFO com.netflix.discovery.DiscoveryClient [restartedMain] Single vip registry refresh property : null
2023-06-14 03:01:01,672 INFO com.netflix.discovery.DiscoveryClient [restartedMain] Force full registry fetch : false
2023-06-14 03:01:01,672 INFO com.netflix.discovery.DiscoveryClient [restartedMain] Application is null : false
2023-06-14 03:01:01,672 INFO com.netflix.discovery.DiscoveryClient [restartedMain] Registered Applications size is zero : true
2023-06-14 03:01:01,672 INFO com.netflix.discovery.DiscoveryClient [restartedMain] Application version is -1: true
2023-06-14 03:01:01,672 INFO com.netflix.discovery.DiscoveryClient [restartedMain] Getting all instance registry info from the eureka server
2023-06-14 03:01:01,990 INFO com.netflix.discovery.DiscoveryClient [restartedMain] The response status is 200
2023-06-14 03:01:01,993 INFO com.netflix.discovery.DiscoveryClient [restartedMain] Starting heartbeat executor: renew interval is: 30
2023-06-14 03:01:01,996 INFO com.netflix.discovery.InstanceInfoReplicator [restartedMain] InstanceInfoReplicator onDemand update allowed rate per min is 4
2023-06-14 03:01:02,001 INFO com.netflix.discovery.DiscoveryClient [restartedMain] Discovery Client initialized at timestamp 1686691862001 with initial instances count: 4
2023-06-14 03:01:02,004 INFO org.springframework.cloud.netflix.eureka.serviceregistry.EurekaServiceRegistry [restartedMain] Registering application LOAN with eureka with status UP
2023-06-14 03:01:02,005 INFO com.netflix.discovery.DiscoveryClient$3 [restartedMain] Saw local status change event StatusChangeEvent [timestamp=1686691862005, current=UP, previous=STARTING]
2023-06-14 03:01:02,008 INFO com.netflix.discovery.DiscoveryClient [DiscoveryClient-InstanceInfoReplicator-0] DiscoveryClient_LOAN/host.docker.internal:loan:8081: registering service...
2023-06-14 03:01:02,009 INFO org.apache.juli.logging.DirectJDKLog [restartedMain] Starting ProtocolHandler ["http-nio-8081"]
2023-06-14 03:01:02,038 INFO org.springframework.boot.web.embedded.tomcat.TomcatWebServer [restartedMain] Tomcat started on port(s): 8081 (http) with context path ''
2023-06-14 03:01:02,040 INFO org.springframework.cloud.netflix.eureka.serviceregistry.EurekaAutoServiceRegistration [restartedMain] Updating port to 8081
2023-06-14 03:01:02,056 INFO com.netflix.discovery.DiscoveryClient [DiscoveryClient-InstanceInfoReplicator-0] DiscoveryClient_LOAN/host.docker.internal:loan:8081 - registration status: 204
2023-06-14 03:01:02,292 INFO org.springframework.boot.StartupInfoLogger [restartedMain] Started LoanApplication in 12.67 seconds (process running for 13.406)
2023-06-14 03:04:03,740 INFO org.springframework.cloud.netflix.eureka.serviceregistry.EurekaServiceRegistry [SpringApplicationShutdownHook] Unregistering application LOAN with eureka with status DOWN
2023-06-14 03:04:03,741 INFO com.netflix.discovery.DiscoveryClient$3 [SpringApplicationShutdownHook] Saw local status change event StatusChangeEvent [timestamp=1686692043741, current=DOWN, previous=UP]
2023-06-14 03:04:03,742 INFO com.netflix.discovery.DiscoveryClient [DiscoveryClient-InstanceInfoReplicator-0] DiscoveryClient_LOAN/host.docker.internal:loan:8081: registering service...
2023-06-14 03:04:03,746 INFO com.netflix.discovery.DiscoveryClient [DiscoveryClient-InstanceInfoReplicator-0] DiscoveryClient_LOAN/host.docker.internal:loan:8081 - registration status: 204
2023-06-14 03:04:03,831 INFO org.springframework.orm.jpa.AbstractEntityManagerFactoryBean [SpringApplicationShutdownHook] Closing JPA EntityManagerFactory for persistence unit 'default'
2023-06-14 03:04:03,832 INFO org.hibernate.tool.schema.internal.SchemaDropperImpl$DelayedDropActionImpl [SpringApplicationShutdownHook] HHH000477: Starting delayed evictData of schema as part of SessionFactory shut-down'
2023-06-14 03:04:04,180 WARN org.springframework.beans.factory.support.DisposableBeanAdapter [SpringApplicationShutdownHook] Invocation of destroy method failed on bean with name 'inMemoryDatabaseShutdownExecutor': org.h2.jdbc.JdbcSQLNonTransientConnectionException: Database is already closed (to disable automatic closing at VM shutdown, add ";DB_CLOSE_ON_EXIT=FALSE" to the db URL) [90121-214]
2023-06-14 03:04:04,181 INFO com.zaxxer.hikari.HikariDataSource [SpringApplicationShutdownHook] HikariPool-1 - Shutdown initiated...
2023-06-14 03:04:04,336 INFO com.zaxxer.hikari.HikariDataSource [SpringApplicationShutdownHook] HikariPool-1 - Shutdown completed.
2023-06-14 03:04:04,337 INFO com.netflix.discovery.DiscoveryClient [SpringApplicationShutdownHook] Shutting down DiscoveryClient ...
2023-06-14 03:04:07,346 INFO com.netflix.discovery.DiscoveryClient [SpringApplicationShutdownHook] Unregistering ...
2023-06-14 03:04:07,356 INFO com.netflix.discovery.DiscoveryClient [SpringApplicationShutdownHook] DiscoveryClient_LOAN/host.docker.internal:loan:8081 - deregister  status: 200
2023-06-14 03:04:07,367 INFO com.netflix.discovery.DiscoveryClient [SpringApplicationShutdownHook] Completed shut down of DiscoveryClient
